<?xml version="1.0" encoding="UTF-8"?>
<!-- Generated by org.testng.reporters.JUnitReportReporter -->
<testsuite hostname="DESKTOP-1VSDUBV" failures="0" tests="1" name="batman.Class_B" time="49.953" errors="0" timestamp="2023-04-30T17:48:21 IST" skipped="0">
  <testcase classname="batman.Class_B" name="Test" time="49.953"/>
  <system-out/>
</testsuite> <!-- batman.Class_B -->
