<?xml version="1.0" encoding="UTF-8"?>
<!-- Generated by org.testng.reporters.JUnitReportReporter -->
<testsuite skipped="0" hostname="DESKTOP-1VSDUBV" name="batman.Class_B" tests="1" failures="0" timestamp="2023-04-30T18:16:11 IST" time="4.008" errors="0">
  <testcase name="Test" time="4.008" classname="batman.Class_B"/>
  <system-out/>
</testsuite> <!-- batman.Class_B -->
