<?xml version="1.0" encoding="UTF-8"?>
<!-- Generated by org.testng.reporters.JUnitReportReporter -->
<testsuite skipped="0" hostname="DESKTOP-1VSDUBV" name="batman.Class_A" tests="1" failures="0" timestamp="2023-04-30T18:16:11 IST" time="6.310" errors="0">
  <testcase name="googleTest" time="6.310" classname="batman.Class_A"/>
  <system-out/>
</testsuite> <!-- batman.Class_A -->
